Flow report for ALU8
Fri Apr 19 17:34:14 2024
Quartus Prime Version 18.1.0 Build 625 09/12/2018 SJ Lite Edition


---------------------
; Table of Contents ;
---------------------
  1. Legal Notice
  2. Flow Summary
  3. Flow Settings
  4. Flow Non-Default Global Settings
  5. Flow Elapsed Time
  6. Flow OS Summary
  7. Flow Log
  8. Flow Messages
  9. Flow Suppressed Messages



----------------
; Legal Notice ;
----------------
Copyright (C) 2018  Intel Corporation. All rights reserved.
Your use of Intel Corporation's design tools, logic functions 
and other software and tools, and its AMPP partner logic 
functions, and any output files from any of the foregoing 
(including device programming or simulation files), and any 
associated documentation or information are expressly subject 
to the terms and conditions of the Intel Program License 
Subscription Agreement, the Intel Quartus Prime License Agreement,
the Intel FPGA IP License Agreement, or other applicable license
agreement, including, without limitation, that your use is for
the sole purpose of programming logic devices manufactured by
Intel and sold by Intel or its authorized distributors.  Please
refer to the applicable agreement for further details.



+---------------------------------------------------------------------+
; Flow Summary                                                        ;
+-----------------------+---------------------------------------------+
; Flow Status           ; Successful - Fri Apr 19 17:34:14 2024       ;
; Quartus Prime Version ; 18.1.0 Build 625 09/12/2018 SJ Lite Edition ;
; Revision Name         ; ALU8                                        ;
; Top-level Entity Name ; ALU8                                        ;
; Family                ; MAX II                                      ;
; Total logic elements  ; 74 / 240 ( 31 % )                           ;
; Total pins            ; 34 / 80 ( 43 % )                            ;
; Total virtual pins    ; 0                                           ;
; UFM blocks            ; 0 / 1 ( 0 % )                               ;
; Device                ; EPM240T100C3                                ;
; Timing Models         ; Final                                       ;
+-----------------------+---------------------------------------------+


+-----------------------------------------+
; Flow Settings                           ;
+-------------------+---------------------+
; Option            ; Setting             ;
+-------------------+---------------------+
; Start date & time ; 04/19/2024 17:32:04 ;
; Main task         ; Compilation         ;
; Revision Name     ; ALU8                ;
+-------------------+---------------------+


+-------------------------------------------------------------------------------------------------------+
; Flow Non-Default Global Settings                                                                      ;
+--------------------------+---------------------------------+---------------+-------------+------------+
; Assignment Name          ; Value                           ; Default Value ; Entity Name ; Section Id ;
+--------------------------+---------------------------------+---------------+-------------+------------+
; COMPILER_SIGNATURE_ID    ; 258364240736043.171356952324504 ; --            ; --          ; --         ;
; PROJECT_OUTPUT_DIRECTORY ; output_files                    ; --            ; --          ; --         ;
+--------------------------+---------------------------------+---------------+-------------+------------+


+--------------------------------------------------------------------------------------------------------------------------+
; Flow Elapsed Time                                                                                                        ;
+----------------------+--------------+-------------------------+---------------------+------------------------------------+
; Module Name          ; Elapsed Time ; Average Processors Used ; Peak Virtual Memory ; Total CPU Time (on all processors) ;
+----------------------+--------------+-------------------------+---------------------+------------------------------------+
; Analysis & Synthesis ; 00:00:11     ; 1.0                     ; 4765 MB             ; 00:00:05                           ;
; Fitter               ; 00:00:04     ; 1.0                     ; 5514 MB             ; 00:00:00                           ;
; Assembler            ; 00:00:01     ; 1.0                     ; 4652 MB             ; 00:00:00                           ;
; Timing Analyzer      ; 00:00:02     ; 1.0                     ; 4671 MB             ; 00:00:00                           ;
; EDA Netlist Writer   ; 00:00:01     ; 1.0                     ; 4604 MB             ; 00:00:00                           ;
; EDA Netlist Writer   ; 00:00:00     ; 1.0                     ; 4613 MB             ; 00:00:00                           ;
; EDA Netlist Writer   ; 00:00:01     ; 1.0                     ; 4604 MB             ; 00:00:00                           ;
; EDA Netlist Writer   ; 00:00:01     ; 1.0                     ; 4612 MB             ; 00:00:00                           ;
; EDA Netlist Writer   ; 00:00:00     ; 1.0                     ; 4604 MB             ; 00:00:00                           ;
; EDA Netlist Writer   ; 00:00:01     ; 1.0                     ; 4612 MB             ; 00:00:00                           ;
; Total                ; 00:00:22     ; --                      ; --                  ; 00:00:05                           ;
+----------------------+--------------+-------------------------+---------------------+------------------------------------+


+------------------------------------------------------------------------------------+
; Flow OS Summary                                                                    ;
+----------------------+------------------+------------+------------+----------------+
; Module Name          ; Machine Hostname ; OS Name    ; OS Version ; Processor type ;
+----------------------+------------------+------------+------------+----------------+
; Analysis & Synthesis ; AVANS            ; Windows 10 ; 10.0       ; x86_64         ;
; Fitter               ; AVANS            ; Windows 10 ; 10.0       ; x86_64         ;
; Assembler            ; AVANS            ; Windows 10 ; 10.0       ; x86_64         ;
; Timing Analyzer      ; AVANS            ; Windows 10 ; 10.0       ; x86_64         ;
; EDA Netlist Writer   ; AVANS            ; Windows 10 ; 10.0       ; x86_64         ;
; EDA Netlist Writer   ; AVANS            ; Windows 10 ; 10.0       ; x86_64         ;
; EDA Netlist Writer   ; AVANS            ; Windows 10 ; 10.0       ; x86_64         ;
; EDA Netlist Writer   ; AVANS            ; Windows 10 ; 10.0       ; x86_64         ;
; EDA Netlist Writer   ; AVANS            ; Windows 10 ; 10.0       ; x86_64         ;
; EDA Netlist Writer   ; AVANS            ; Windows 10 ; 10.0       ; x86_64         ;
+----------------------+------------------+------------+------------+----------------+


------------
; Flow Log ;
------------
quartus_map --read_settings_files=on --write_settings_files=off ALU8 -c ALU8
quartus_fit --read_settings_files=off --write_settings_files=off ALU8 -c ALU8
quartus_asm --read_settings_files=off --write_settings_files=off ALU8 -c ALU8
quartus_sta ALU8 -c ALU8
quartus_eda --gen_testbench --tool=modelsim_oem --format=vhdl --write_settings_files=off ALU8 -c ALU8 --vector_source="C:/Users/abdyv/OneDrive - Instituto Tecnologico y de Estudios Superiores de Monterrey/Documents/QUARTUS/SistemasEnChip/ALU8/ALU8.vwf" --testbench_file="C:/Users/abdyv/OneDrive - Instituto Tecnologico y de Estudios Superiores de Monterrey/Documents/QUARTUS/SistemasEnChip/ALU8/simulation/qsim/ALU8.vwf.vht"
quartus_eda --write_settings_files=off --simulation=on --functional=on --flatten_buses=off --tool=modelsim_oem --format=vhdl --output_directory="C:/Users/abdyv/OneDrive - Instituto Tecnologico y de Estudios Superiores de Monterrey/Documents/QUARTUS/SistemasEnChip/ALU8/simulation/qsim/" ALU8 -c ALU8
quartus_eda --gen_testbench --tool=modelsim_oem --format=vhdl --write_settings_files=off ALU8 -c ALU8 --vector_source="C:/Users/abdyv/OneDrive - Instituto Tecnologico y de Estudios Superiores de Monterrey/Documents/QUARTUS/SistemasEnChip/ALU8/ALU8.vwf" --testbench_file="C:/Users/abdyv/OneDrive - Instituto Tecnologico y de Estudios Superiores de Monterrey/Documents/QUARTUS/SistemasEnChip/ALU8/simulation/qsim/ALU8.vwf.vht"
quartus_eda --write_settings_files=off --simulation=on --functional=on --flatten_buses=off --tool=modelsim_oem --format=vhdl --output_directory="C:/Users/abdyv/OneDrive - Instituto Tecnologico y de Estudios Superiores de Monterrey/Documents/QUARTUS/SistemasEnChip/ALU8/simulation/qsim/" ALU8 -c ALU8
quartus_eda --gen_testbench --tool=modelsim_oem --format=vhdl --write_settings_files=off ALU8 -c ALU8 --vector_source="C:/Users/abdyv/OneDrive - Instituto Tecnologico y de Estudios Superiores de Monterrey/Documents/QUARTUS/SistemasEnChip/ALU8/ALU8.vwf" --testbench_file="C:/Users/abdyv/OneDrive - Instituto Tecnologico y de Estudios Superiores de Monterrey/Documents/QUARTUS/SistemasEnChip/ALU8/simulation/qsim/ALU8.vwf.vht"
quartus_eda --write_settings_files=off --simulation=on --functional=on --flatten_buses=off --tool=modelsim_oem --format=vhdl --output_directory="C:/Users/abdyv/OneDrive - Instituto Tecnologico y de Estudios Superiores de Monterrey/Documents/QUARTUS/SistemasEnChip/ALU8/simulation/qsim/" ALU8 -c ALU8



